[2026-05-02T12:48:28.036Z] Error: Post-processor "Biome (Format)" exited with code 1:
format ━━━━━━━━━━━━━━━━━━━━━━━━━━━━━━━━━━━━━━━━━━━━━━━━━━━━━━━━━━━━━━━━━━━━━━━━━━━━━━━━━━━━━━━━━━━━━

  × No files were processed in the specified paths.
  
  i Check your biome.json or biome.jsonc to ensure the paths are not ignored by the configuration.
  
  i These paths were provided but ignored:
  
  - /home/sayanbiswas/gits/axonpush-ts/src/_internal/api
Stack:
ConfigError: Post-processor "Biome (Format)" exited with code 1:
format ━━━━━━━━━━━━━━━━━━━━━━━━━━━━━━━━━━━━━━━━━━━━━━━━━━━━━━━━━━━━━━━━━━━━━━━━━━━━━━━━━━━━━━━━━━━━━

  × No files were processed in the specified paths.
  
  i Check your biome.json or biome.jsonc to ensure the paths are not ignored by the configuration.
  
  i These paths were provided but ignored:
  
  - /home/sayanbiswas/gits/axonpush-ts/src/_internal/api
    at postprocessOutput (file:///home/sayanbiswas/gits/axonpush-ts/node_modules/@hey-api/shared/dist/index.mjs:644:10)
    at createClient$1 (file:///home/sayanbiswas/gits/axonpush-ts/node_modules/@hey-api/openapi-ts/dist/src-ErSC87Z1.mjs:158:4)
    at async file:///home/sayanbiswas/gits/axonpush-ts/node_modules/@hey-api/openapi-ts/dist/src-ErSC87Z1.mjs:212:12
    at async Promise.all (index 0)
    at async createClient (file:///home/sayanbiswas/gits/axonpush-ts/node_modules/@hey-api/openapi-ts/dist/src-ErSC87Z1.mjs:210:21)
    at async Command.<anonymous> (file:///home/sayanbiswas/gits/axonpush-ts/node_modules/@hey-api/openapi-ts/dist/run.mjs:35:8)
    at async Command.parseAsync (/home/sayanbiswas/gits/axonpush-ts/node_modules/commander/lib/command.js:1122:5)
    at async runCli (file:///home/sayanbiswas/gits/axonpush-ts/node_modules/@hey-api/openapi-ts/dist/run.mjs:39:3)
